<?xml version="1.0" encoding="UTF-8"?>
<!-- Generated by org.testng.reporters.JUnitReportReporter -->
<testsuite hostname="DESKTOP-NKE74KJ" failures="0" tests="1" name="com.spiecejet.tests.RoundTripTest" time="131.460" errors="0" timestamp="2023-05-02T08:29:24 IST" skipped="0">
  <testcase classname="com.spiecejet.tests.RoundTripTest" name="roundTrip" time="131.460"/>
  <system-out/>
</testsuite> <!-- com.spiecejet.tests.RoundTripTest -->
