<?xml version="1.0" encoding="UTF-8"?>
<!-- Generated by org.testng.reporters.JUnitReportReporter -->
<testsuite hostname="DESKTOP-NKE74KJ" failures="0" tests="1" name="com.spiecejet.tests.LoginTest" time="252.435" errors="0" timestamp="2023-04-29T18:01:56 IST" skipped="0">
  <testcase classname="com.spiecejet.tests.LoginTest" name="log" time="252.435"/>
  <system-out/>
</testsuite> <!-- com.spiecejet.tests.LoginTest -->
