<?xml version="1.0" encoding="UTF-8"?>
<!-- Generated by org.testng.reporters.JUnitReportReporter -->
<testsuite hostname="DESKTOP-NKE74KJ" failures="0" tests="1" name="com.spiecejet.tests.FlightStatusTest" time="17.277" errors="0" timestamp="2023-04-30T22:06:23 IST" skipped="0">
  <testcase classname="com.spiecejet.tests.FlightStatusTest" name="signUP" time="17.277"/>
  <system-out/>
</testsuite> <!-- com.spiecejet.tests.FlightStatusTest -->
