<?xml version="1.0" encoding="UTF-8"?>
<!-- Generated by org.testng.reporters.JUnitReportReporter -->
<testsuite hostname="DESKTOP-NKE74KJ" failures="0" tests="1" name="com.spiecejet.tests.SignUpTest" time="201.855" errors="0" timestamp="2023-04-29T10:50:25 IST" skipped="0">
  <testcase classname="com.spiecejet.tests.SignUpTest" name="signUP" time="201.855"/>
  <system-out/>
</testsuite> <!-- com.spiecejet.tests.SignUpTest -->
