<?xml version="1.0" encoding="UTF-8"?>
<!-- Generated by org.testng.reporters.JUnitReportReporter -->
<testsuite hostname="DESKTOP-NKE74KJ" failures="0" tests="1" name="com.spiecejet.tests.CheckInTest" time="23.090" errors="0" timestamp="2023-04-29T20:09:51 IST" skipped="0">
  <testcase classname="com.spiecejet.tests.CheckInTest" name="checkIn" time="23.090"/>
  <system-out/>
</testsuite> <!-- com.spiecejet.tests.CheckInTest -->
