<?xml version="1.0" encoding="UTF-8"?>
<!-- Generated by org.testng.reporters.JUnitReportReporter -->
<testsuite hostname="DESKTOP-NKE74KJ" failures="0" tests="1" name="com.spiecejet.tests.OneWayTripTest" time="58.426" errors="0" timestamp="2023-05-02T07:38:43 IST" skipped="0">
  <testcase classname="com.spiecejet.tests.OneWayTripTest" name="oneway" time="58.426"/>
  <system-out/>
</testsuite> <!-- com.spiecejet.tests.OneWayTripTest -->
